<?xml version="1.0" encoding="UTF-8"?>
<!-- Generated by org.testng.reporters.JUnitReportReporter -->
<testsuite name="com.jaga.rest.test.GetStateDetailsAPITest" tests="1" time="2.480" ignored="0" failures="0" timestamp="11 Apr 2018 04:19:04 GMT" skipped="0" hostname="JAGA" errors="0">
  <testcase name="getStateDetailsAPITest" time="2.480" classname="com.jaga.rest.test.GetStateDetailsAPITest"/>
</testsuite> <!-- com.jaga.rest.test.GetStateDetailsAPITest -->
