<?xml version="1.0" encoding="UTF-8"?>
<!-- Generated by org.testng.reporters.JUnitReportReporter -->
<testsuite name="com.jaga.rest.test.CreatePersonAPITest" tests="1" time="3.786" ignored="0" failures="0" timestamp="11 Apr 2018 03:54:01 GMT" skipped="0" hostname="JAGA" errors="0">
  <testcase name="createPersonAPITest" time="3.786" classname="com.jaga.rest.test.CreatePersonAPITest"/>
</testsuite> <!-- com.jaga.rest.test.CreatePersonAPITest -->
