<?xml version="1.0" encoding="UTF-8"?>
<!-- Generated by org.testng.reporters.JUnitReportReporter -->
<testsuite name="com.jaga.rest.test.UpdatePersonDetailAPITest" tests="1" time="2.729" ignored="0" failures="0" timestamp="11 Apr 2018 04:47:14 GMT" skipped="0" hostname="JAGA" errors="0">
  <testcase name="updatePersonDetailAPITest" time="2.729" classname="com.jaga.rest.test.UpdatePersonDetailAPITest"/>
</testsuite> <!-- com.jaga.rest.test.UpdatePersonDetailAPITest -->
